{
  "RSpec": {
    "coverage": {
      "/Users/yulialitvinchuk/Projects/bank_tech_test/spec/account_spec.rb": [
        1,
        null,
        1,
        9,
        9,
        2,
        5,
        3,
        2,
        1,
        null,
        1,
        null,
        1,
        1,
        null,
        null,
        2,
        2,
        null,
        null,
        null,
        1,
        3,
        null,
        1,
        1,
        1,
        null,
        null,
        1,
        1,
        1,
        null,
        null,
        null,
        null,
        1,
        4,
        null,
        null,
        1,
        1,
        4,
        null,
        null,
        1,
        2,
        null,
        null,
        null
      ],
      "/Users/yulialitvinchuk/Projects/bank_tech_test/lib/account.rb": [
        1,
        null,
        1,
        1,
        null,
        1,
        8,
        8,
        8,
        null,
        null,
        1,
        5,
        5,
        null,
        null,
        1,
        3,
        2,
        2,
        null,
        null,
        1,
        null,
        1,
        7,
        null,
        null
      ],
      "/Users/yulialitvinchuk/Projects/bank_tech_test/lib/transaction_log.rb": [
        1,
        1,
        null,
        1,
        3,
        null,
        null,
        1,
        0,
        null,
        null,
        1,
        0,
        0,
        0,
        null,
        null,
        null,
        null
      ],
      "/Users/yulialitvinchuk/Projects/bank_tech_test/spec/record_spec.rb": [
        1,
        null,
        1,
        5,
        5,
        5,
        5,
        5,
        null,
        1,
        1,
        null,
        null,
        1,
        1,
        null,
        null,
        1,
        1,
        null,
        null,
        1,
        1,
        null,
        null
      ],
      "/Users/yulialitvinchuk/Projects/bank_tech_test/lib/record.rb": [
        1,
        1,
        null,
        1,
        4,
        4,
        4,
        4,
        null,
        null
      ],
      "/Users/yulialitvinchuk/Projects/bank_tech_test/spec/transaction_log_spec.rb": [
        1,
        null,
        1,
        4,
        1,
        null,
        null,
        2,
        2,
        null,
        1,
        1,
        null,
        null,
        null
      ]
    },
    "timestamp": 1504695912
  }
}
